00:00:00.007303 main     VirtualBox COM Server 7.0.12 r159484 win.amd64 (Oct 12 2023 19:53:29) release log
00:00:00.007308 main     Log opened 2024-01-29T09:34:35.336288500Z
00:00:00.007309 main     Build Type: release
00:00:00.007324 main     OS Product: Windows 11
00:00:00.007326 main     OS Release: 10.0.22621
00:00:00.007327 main     OS Service Pack: 
00:00:00.048389 main     DMI Product Name: Vostro 3500
00:00:00.076719 main     DMI Product Version: Not Specified
00:00:00.076754 main     Firmware type: BIOS
00:00:00.076769 main     Host RAM: 8118MB (7.9GB) total, 4688MB (4.5GB) available
00:00:00.076776 main     Executable: C:\Program Files\Oracle\VirtualBox\VBoxSVC.exe
00:00:00.076776 main     Process ID: 9500
00:00:00.076777 main     Package type: WINDOWS_64BITS_GENERIC
00:00:00.211915          VirtualBox: object creation starts
00:00:00.212325          Home directory: 'C:\Users\DELL\.VirtualBox'
00:00:00.212520          Installed Drivers:
00:00:00.221630            C:\Windows\system32\DRIVERS\VBoxNetLwf.sys (Version: 7.0.12.9484)
00:00:00.223927            C:\Windows\system32\DRIVERS\VBoxUSBMon.sys (Version: 7.0.12.9484)
00:00:00.224780            C:\Windows\system32\DRIVERS\VBoxSup.sys (Version: 7.0.12.9484)
00:00:00.226555            C:\Windows\system32\DRIVERS\VBoxNetAdp6.sys (Version: 7.0.12.9484)
00:00:00.252369          Loading settings file "C:\Users\DELL\.VirtualBox\VirtualBox.xml" with version "1.12-windows"
00:00:00.255852          usbLibGetDevices: Starting USB device enumeration
00:00:00.262102          usbLibDevGetHubPortDevices: No DriverKey on hub USB#VID_8087&PID_0020#5&354cef48&0&1#{f18a0e88-c30c-11d0-8815-00a0c906bed8} port 4
00:00:00.262197          usbLibDevCfgDrGet: IOCTL_USB_GET_DESCRIPTOR_FROM_NODE_CONNECTION #1 failed (dwErr=31) on hub USB#VID_8087&PID_0020#5&354cef48&0&1#{f18a0e88-c30c-11d0-8815-00a0c906bed8} port 4
00:00:00.263200          usbLibDevCfgDrGet: IOCTL_USB_GET_DESCRIPTOR_FROM_NODE_CONNECTION #1 failed (dwErr=31) on hub USB#VID_8087&PID_0020#5&92a7ca&0&1#{f18a0e88-c30c-11d0-8815-00a0c906bed8} port 4
00:00:00.263473          Getting USB descriptor (id 0) failed (dwErr=31) on hub USB#VID_8087&PID_0020#5&92a7ca&0&1#{f18a0e88-c30c-11d0-8815-00a0c906bed8} port 8
00:00:00.266926          usbLibGetDevices: Found 5 USB devices, 0 captured
00:00:00.266991          USB: Unknown USB device detected (idVendor: 0x0000, idProduct: 0x3825)
00:00:00.267054          USB: Unknown USB device detected (idVendor: 0x0c45, idProduct: 0x6481)
00:00:00.436386          HostDnsMonitor: initializing
00:00:00.456431          HostDnsMonitor: updating information
00:00:00.456494          HostDnsMonitor: old information
00:00:00.456496            no server entries
00:00:00.456497            no domain set
00:00:00.456498            no search string entries
00:00:00.456498          HostDnsMonitor: new information
00:00:00.456499            server 1: 192.168.1.1
00:00:00.456500            no domain set
00:00:00.456500            no search string entries
00:00:00.461007          VD: VDInit finished with VINF_SUCCESS
00:00:00.481461          Loading settings file "C:\Users\DELL\virtual machine\vitual machine\vitual machine.vbox" with version "1.19-windows"
00:00:00.500012          Loading settings file "C:\Users\DELL\VirtualBox VMs\ali\ali.vbox" with version "1.19-windows"
00:00:00.501467          Loading settings file "C:\Users\DELL\VirtualBox VMs\ubuntu\ubuntu.vbox" with version "1.19-windows"
00:00:00.502872          VirtualBox: object created
00:00:00.640738          Saving settings file "C:\Users\DELL\.VirtualBox\VirtualBox.xml" with version "1.12-windows"
00:00:00.646608          Finished saving settings file "C:\Users\DELL\.VirtualBox\VirtualBox.xml"
00:00:00.647186          Saving settings file "C:\Users\DELL\.VirtualBox\VirtualBox.xml" with version "1.12-windows"
00:00:00.652617          Finished saving settings file "C:\Users\DELL\.VirtualBox\VirtualBox.xml"
00:00:00.653158          Saving settings file "C:\Users\DELL\.VirtualBox\VirtualBox.xml" with version "1.12-windows"
00:00:00.658342          Finished saving settings file "C:\Users\DELL\.VirtualBox\VirtualBox.xml"
00:00:04.205625          ERROR [COM]: aRC=VBOX_E_INVALID_VM_STATE (0x80bb0002) aIID={300763af-5d6b-46e6-aa96-273eac15538a} aComponent={MachineWrap} aText={The machine is not mutable (state is PoweredOff)}, preserve=false aResultDetail=0
00:00:07.706851          Launched VM: 2791430896 pid: 6848 (0x1ac0) frontend: GUI/Qt name: ubuntu
00:00:07.806989          ERROR [COM]: aRC=VBOX_E_INVALID_VM_STATE (0x80bb0002) aIID={300763af-5d6b-46e6-aa96-273eac15538a} aComponent={MachineWrap} aText={The machine is not mutable (state is PoweredOff)}, preserve=false aResultDetail=0
00:00:21.244768          ERROR [COM]: aRC=VBOX_E_INVALID_VM_STATE (0x80bb0002) aIID={300763af-5d6b-46e6-aa96-273eac15538a} aComponent={MachineWrap} aText={The machine is not mutable (state is PoweredOff)}, preserve=false aResultDetail=0
00:00:22.500804          ERROR [COM]: aRC=VBOX_E_OBJECT_NOT_FOUND (0x80bb0001) aIID={70401eef-c8e9-466b-9660-45cb3e9979e4} aComponent={ExtPackManagerWrap} aText={No extension pack by the name 'Oracle VM VirtualBox Extension Pack' was found}, preserve=false aResultDetail=0
00:01:39.407553 USBPROXY usbLibGetDevices: Starting USB device enumeration
00:01:39.415694 USBPROXY usbLibDevGetHubPortDevices: No DriverKey on hub USB#VID_8087&PID_0020#5&354cef48&0&1#{f18a0e88-c30c-11d0-8815-00a0c906bed8} port 4
00:01:39.415984 USBPROXY usbLibDevCfgDrGet: IOCTL_USB_GET_DESCRIPTOR_FROM_NODE_CONNECTION #1 failed (dwErr=31) on hub USB#VID_8087&PID_0020#5&354cef48&0&1#{f18a0e88-c30c-11d0-8815-00a0c906bed8} port 4
00:01:39.420561 USBPROXY Getting USB descriptor (id 0) failed (dwErr=31) on hub USB#VID_8087&PID_0020#5&92a7ca&0&1#{f18a0e88-c30c-11d0-8815-00a0c906bed8} port 8
00:01:39.421012 USBPROXY usbLibGetDevices: Found 5 USB devices, 0 captured
00:02:00.154800          ERROR [COM]: aRC=VBOX_E_IPRT_ERROR (0x80bb0005) aIID={300763af-5d6b-46e6-aa96-273eac15538a} aComponent={SessionMachine} aText={Saved screenshot data is not available (VERR_NOT_SUPPORTED)}, preserve=false aResultDetail=-37
00:02:03.573155          ERROR [COM]: aRC=VBOX_E_OBJECT_NOT_FOUND (0x80bb0001) aIID={ad47ad09-787b-44ab-b343-a082a3f2dfb1} aComponent={MediumWrap} aText={Property 'CRYPT/KeyId' does not exist}, preserve=false aResultDetail=0
00:02:16.672391          Saving settings file "C:\Users\DELL\VirtualBox VMs\ubuntu\ubuntu.vbox" with version "1.19-windows"
00:02:16.679530          Finished saving settings file "C:\Users\DELL\VirtualBox VMs\ubuntu\ubuntu.vbox"
00:02:20.263519          Saving settings file "C:\Users\DELL\.VirtualBox\VirtualBox.xml" with version "1.12-windows"
00:02:20.270226          Finished saving settings file "C:\Users\DELL\.VirtualBox\VirtualBox.xml"
00:02:20.270814          Saving settings file "C:\Users\DELL\.VirtualBox\VirtualBox.xml" with version "1.12-windows"
00:02:20.275540          Finished saving settings file "C:\Users\DELL\.VirtualBox\VirtualBox.xml"
00:02:20.276022          Saving settings file "C:\Users\DELL\.VirtualBox\VirtualBox.xml" with version "1.12-windows"
00:02:20.280345          Finished saving settings file "C:\Users\DELL\.VirtualBox\VirtualBox.xml"
00:02:23.236550          ERROR [COM]: aRC=VBOX_E_INVALID_VM_STATE (0x80bb0002) aIID={300763af-5d6b-46e6-aa96-273eac15538a} aComponent={MachineWrap} aText={The machine is not mutable (state is PoweredOff)}, preserve=false aResultDetail=0
00:02:29.900643          Launched VM: 2791250560 pid: 200 (0xc8) frontend: GUI/Qt name: ubuntu
00:02:29.946017          ERROR [COM]: aRC=VBOX_E_INVALID_VM_STATE (0x80bb0002) aIID={300763af-5d6b-46e6-aa96-273eac15538a} aComponent={MachineWrap} aText={The machine is not mutable (state is PoweredOff)}, preserve=false aResultDetail=0
00:02:38.621159          ERROR [COM]: aRC=VBOX_E_INVALID_VM_STATE (0x80bb0002) aIID={300763af-5d6b-46e6-aa96-273eac15538a} aComponent={MachineWrap} aText={The machine is not mutable (state is PoweredOff)}, preserve=false aResultDetail=0
00:02:39.671216          ERROR [COM]: aRC=VBOX_E_OBJECT_NOT_FOUND (0x80bb0001) aIID={70401eef-c8e9-466b-9660-45cb3e9979e4} aComponent={ExtPackManagerWrap} aText={No extension pack by the name 'Oracle VM VirtualBox Extension Pack' was found}, preserve=false aResultDetail=0
00:03:04.042438          ERROR [COM]: aRC=VBOX_E_IPRT_ERROR (0x80bb0005) aIID={300763af-5d6b-46e6-aa96-273eac15538a} aComponent={SessionMachine} aText={Saved screenshot data is not available (VERR_NOT_SUPPORTED)}, preserve=false aResultDetail=-37
00:03:04.547826          ERROR [COM]: aRC=VBOX_E_INVALID_VM_STATE (0x80bb0002) aIID={300763af-5d6b-46e6-aa96-273eac15538a} aComponent={MachineWrap} aText={The machine is not mutable (state is Starting)}, preserve=false aResultDetail=0
00:03:07.350569          ERROR [COM]: aRC=VBOX_E_OBJECT_NOT_FOUND (0x80bb0001) aIID={ad47ad09-787b-44ab-b343-a082a3f2dfb1} aComponent={MediumWrap} aText={Property 'CRYPT/KeyId' does not exist}, preserve=false aResultDetail=0
00:03:07.511825          ERROR [COM]: aRC=VBOX_E_INVALID_VM_STATE (0x80bb0002) aIID={300763af-5d6b-46e6-aa96-273eac15538a} aComponent={MachineWrap} aText={The machine is not mutable (state is Running)}, preserve=false aResultDetail=0
00:13:21.678376          ERROR [COM]: aRC=VBOX_E_INVALID_VM_STATE (0x80bb0002) aIID={300763af-5d6b-46e6-aa96-273eac15538a} aComponent={MachineWrap} aText={The machine is not mutable (state is Paused)}, preserve=false aResultDetail=0
00:13:26.692211          ERROR [COM]: aRC=VBOX_E_INVALID_VM_STATE (0x80bb0002) aIID={300763af-5d6b-46e6-aa96-273eac15538a} aComponent={MachineWrap} aText={The machine is not mutable (state is Running)}, preserve=false aResultDetail=0
00:27:49.423271 dns-monitor HostDnsMonitor: updating information
00:27:49.423330 dns-monitor HostDnsMonitor: unchanged
00:57:49.553198 dns-monitor HostDnsMonitor: updating information
00:57:49.553408 dns-monitor HostDnsMonitor: unchanged
01:04:37.968259          ERROR [COM]: aRC=VBOX_E_IPRT_ERROR (0x80bb0005) aIID={300763af-5d6b-46e6-aa96-273eac15538a} aComponent={SessionMachine} aText={Saved screenshot data is not available (VERR_NOT_SUPPORTED)}, preserve=false aResultDetail=-37
01:04:38.124840          Saving settings file "C:\Users\DELL\VirtualBox VMs\ubuntu\ubuntu.vbox" with version "1.19-windows"
01:04:38.133181          Finished saving settings file "C:\Users\DELL\VirtualBox VMs\ubuntu\ubuntu.vbox"
01:04:38.246487          ERROR [COM]: aRC=VBOX_E_INVALID_VM_STATE (0x80bb0002) aIID={300763af-5d6b-46e6-aa96-273eac15538a} aComponent={MachineWrap} aText={The machine is not mutable (state is Running)}, preserve=false aResultDetail=0
01:04:40.626031          ERROR [COM]: aRC=VBOX_E_INVALID_VM_STATE (0x80bb0002) aIID={300763af-5d6b-46e6-aa96-273eac15538a} aComponent={MachineWrap} aText={The machine is not mutable (state is Paused)}, preserve=false aResultDetail=0
01:04:44.709427          ERROR [COM]: aRC=VBOX_E_INVALID_VM_STATE (0x80bb0002) aIID={300763af-5d6b-46e6-aa96-273eac15538a} aComponent={MachineWrap} aText={The machine is not mutable (state is Running)}, preserve=false aResultDetail=0
01:05:18.217109          ERROR [COM]: aRC=VBOX_E_IPRT_ERROR (0x80bb0005) aIID={300763af-5d6b-46e6-aa96-273eac15538a} aComponent={SessionMachine} aText={Saved screenshot data is not available (VERR_NOT_SUPPORTED)}, preserve=false aResultDetail=-37
01:05:18.299060          Saving settings file "C:\Users\DELL\VirtualBox VMs\ubuntu\ubuntu.vbox" with version "1.19-windows"
01:05:18.306827          Finished saving settings file "C:\Users\DELL\VirtualBox VMs\ubuntu\ubuntu.vbox"
01:05:18.431802          ERROR [COM]: aRC=VBOX_E_INVALID_VM_STATE (0x80bb0002) aIID={300763af-5d6b-46e6-aa96-273eac15538a} aComponent={MachineWrap} aText={The machine is not mutable (state is Running)}, preserve=false aResultDetail=0
01:05:44.736895 dns-monitor HostDnsMonitor: updating information
01:05:44.736963 dns-monitor HostDnsMonitor: unchanged
01:35:43.969542 dns-monitor HostDnsMonitor: updating information
01:35:43.969711 dns-monitor HostDnsMonitor: unchanged
02:05:44.084934 dns-monitor HostDnsMonitor: updating information
02:05:44.085162 dns-monitor HostDnsMonitor: unchanged
02:22:04.123561          ERROR [COM]: aRC=VBOX_E_INVALID_VM_STATE (0x80bb0002) aIID={300763af-5d6b-46e6-aa96-273eac15538a} aComponent={MachineWrap} aText={The machine is not mutable (state is Paused)}, preserve=false aResultDetail=0
02:22:05.668870          ERROR [COM]: aRC=VBOX_E_INVALID_VM_STATE (0x80bb0002) aIID={300763af-5d6b-46e6-aa96-273eac15538a} aComponent={MachineWrap} aText={The machine is not mutable (state is Stopping)}, preserve=false aResultDetail=0
02:22:05.674975          Saving settings file "C:\Users\DELL\VirtualBox VMs\ubuntu\ubuntu.vbox" with version "1.19-windows"
02:22:05.681485          Finished saving settings file "C:\Users\DELL\VirtualBox VMs\ubuntu\ubuntu.vbox"
02:22:05.723376          ERROR [COM]: aRC=VBOX_E_INVALID_VM_STATE (0x80bb0002) aIID={300763af-5d6b-46e6-aa96-273eac15538a} aComponent={MachineWrap} aText={The machine is not mutable (state is PoweredOff)}, preserve=false aResultDetail=0
02:22:07.289289          ERROR [COM]: aRC=VBOX_E_INVALID_VM_STATE (0x80bb0002) aIID={300763af-5d6b-46e6-aa96-273eac15538a} aComponent={MachineWrap} aText={The machine is not mutable (state is PoweredOff)}, preserve=false aResultDetail=0
02:22:08.448064          Saving settings file "C:\Users\DELL\.VirtualBox\VirtualBox.xml" with version "1.12-windows"
02:22:08.454183          Finished saving settings file "C:\Users\DELL\.VirtualBox\VirtualBox.xml"
02:22:13.189249 main     WM_QUERYENDSESSION: shutdown (0x00000000)
02:22:13.191418 main     No active connections: bActivity = false, lock count = 1
02:22:13.218244 main     WM_ENDSESSION: shutdown (TRUE/0x00000000)
